<?xml version="1.0" encoding="UTF-8"?>
<!-- Generated by org.testng.reporters.JUnitReportReporter -->
<testsuite hostname="LAPTOP-LMD2MKNK" failures="0" tests="1" name="automation_test.RunTest" time="7.829" errors="0" timestamp="2021-04-13T20:57:14 EDT" skipped="0">
  <testcase classname="automation_test.RunTest" name="test1" time="7.829"/>
  <system-out/>
</testsuite> <!-- automation_test.RunTest -->
