<?xml version="1.0" encoding="UTF-8"?>
<!-- Generated by org.testng.reporters.JUnitReportReporter -->
<testsuite hostname="LAPTOP-LMD2MKNK" failures="0" tests="1" name="automation_test.BicPen_Test2" time="31.750" errors="0" timestamp="2021-05-27T02:33:22 EDT" skipped="0">
  <testcase classname="automation_test.BicPen_Test2" name="validate_Bicpentest" time="31.750"/>
  <system-out/>
</testsuite> <!-- automation_test.BicPen_Test2 -->
